<?xml version="1.0" encoding="UTF-8"?>
<testng-results ignored="0" total="1" passed="1" failed="0" skipped="0">
  <reporter-output>
  </reporter-output>
  <suite started-at="2024-03-22T19:09:31 IST" name="Suite" finished-at="2024-03-22T19:09:32 IST" duration-ms="1622">
    <groups>
    </groups>
    <test started-at="2024-03-22T19:09:31 IST" name="Test" finished-at="2024-03-22T19:09:32 IST" duration-ms="1622">
      <class name="testJenkins.ApiHeaders">
        <test-method signature="getmethod()[pri:0, instance:testJenkins.ApiHeaders@10e92f8f]" started-at="2024-03-22T19:09:31 IST" name="getmethod" finished-at="2024-03-22T19:09:32 IST" duration-ms="1590" status="PASS">
          <reporter-output>
          </reporter-output>
        </test-method> <!-- getmethod -->
      </class> <!-- testJenkins.ApiHeaders -->
    </test> <!-- Test -->
  </suite> <!-- Suite -->
</testng-results>
