<?xml version="1.0" encoding="UTF-8"?>
<testng-results ignored="0" total="1" passed="1" failed="0" skipped="0">
  <reporter-output>
  </reporter-output>
  <suite started-at="2024-03-22T19:07:09 IST" name="Default suite" finished-at="2024-03-22T19:07:13 IST" duration-ms="3612">
    <groups>
    </groups>
    <test started-at="2024-03-22T19:07:09 IST" name="Default test" finished-at="2024-03-22T19:07:13 IST" duration-ms="3612">
      <class name="testJenkins.ApiHeaders">
        <test-method signature="getmethod()[pri:0, instance:testJenkins.ApiHeaders@bae7dc0]" started-at="2024-03-22T19:07:09 IST" name="getmethod" finished-at="2024-03-22T19:07:13 IST" duration-ms="3581" status="PASS">
          <reporter-output>
          </reporter-output>
        </test-method> <!-- getmethod -->
      </class> <!-- testJenkins.ApiHeaders -->
    </test> <!-- Default test -->
  </suite> <!-- Default suite -->
</testng-results>
